<?xml version="1.0" encoding="UTF-8"?>
<!-- Generated by org.testng.reporters.JUnitXMLReporter -->
<testsuite ignored="3" hostname="DESKTOP-JNC398C" failures="0" tests="2" name="Testr" time="3.692" errors="0" timestamp="2024-10-06T19:12:04 IST">
  <testcase classname="com.onelot.testscripts.VerifyTheErrorMessage" name="errorMessage" time="0.208"/>
  <testcase classname="com.onelot.testscripts.Verifyuserregister" name="checkExclude" time="0.001"/>
  <testcase classname="com.onelot.generic.OneLotbase" name="@BeforeTest launchBrowser" time="0.0">
    <ignored/>
  </testcase> <!-- @BeforeTest launchBrowser -->
  <testcase classname="com.onelot.generic.OneLotbase" name="@AfterTest closeBrowser" time="0.0">
    <ignored/>
  </testcase> <!-- @AfterTest closeBrowser -->
  <testcase classname="com.onelot.testscripts.Verifyuserregister" name="enterTheDealerDetails" time="0.0">
    <ignored/>
  </testcase> <!-- enterTheDealerDetails -->
</testsuite> <!-- Testr -->
